[2026-01-12 18:55:00] ERROR >>> SCAN_MARKETS START <<<
[2026-01-12 19:05:08] INFO  Logged in as Ziomal od czuwania#0124
[2026-01-12 19:05:08] INFO  Waiting 291s for next 5m candle close
[2026-01-12 19:10:00] INFO  Market scan started
[2026-01-12 19:10:00] ERROR BTC ANALYZER ERROR: name 'closes' is not defined
[2026-01-12 19:10:06] INFO  Market scan done in 6.3s
[2026-01-12 19:10:06] INFO  Waiting 293s for next 5m candle close
[2026-01-12 19:12:26] INFO  Logged in as Ziomal od czuwania#0124
[2026-01-12 19:12:26] INFO  Waiting 153s for next 5m candle close
[2026-01-12 19:15:00] INFO  Market scan started
[2026-01-12 19:15:06] INFO  Market scan done in 6.6s
[2026-01-12 19:15:06] INFO  Waiting 293s for next 5m candle close
[2026-01-12 19:20:00] INFO  Market scan started
[2026-01-12 19:20:06] INFO  Market scan done in 6.1s
[2026-01-12 19:20:06] INFO  Waiting 293s for next 5m candle close
[2026-01-12 19:25:00] INFO  Market scan started
[2026-01-12 19:25:06] INFO  Market scan done in 6.3s
[2026-01-12 19:25:06] INFO  Waiting 293s for next 5m candle close
[2026-01-12 19:30:00] INFO  Market scan started
[2026-01-12 19:30:07] INFO  Market scan done in 7.3s
[2026-01-12 19:30:07] INFO  Waiting 292s for next 5m candle close
[2026-01-12 19:35:00] INFO  Market scan started
[2026-01-12 19:35:08] INFO  Market scan done in 8.9s
[2026-01-12 19:35:08] INFO  Waiting 291s for next 5m candle close
[2026-01-12 19:36:47] INFO  Logged in as Ziomal od czuwania#0124
[2026-01-12 19:36:47] INFO  Waiting 192s for next 5m candle close
[2026-01-12 19:40:00] INFO  Market scan started
[2026-01-12 19:40:09] INFO  Market scan done in 9.3s
[2026-01-12 19:40:09] INFO  Waiting 290s for next 5m candle close
[2026-01-12 19:45:00] INFO  Market scan started
[2026-01-12 19:45:07] INFO  Market scan done in 7.4s
[2026-01-12 19:45:07] INFO  Waiting 292s for next 5m candle close
[2026-01-12 19:50:00] INFO  Market scan started
[2026-01-12 19:50:07] INFO  Market scan done in 7.9s
[2026-01-12 19:50:07] INFO  Waiting 292s for next 5m candle close
[2026-01-12 19:55:00] INFO  Market scan started
[2026-01-12 19:55:12] INFO  Market scan done in 12.6s
[2026-01-12 19:55:12] INFO  Waiting 287s for next 5m candle close
[2026-01-12 20:00:00] INFO  Market scan started
[2026-01-12 20:00:08] INFO  Market scan done in 8.4s
[2026-01-12 20:00:08] INFO  Waiting 291s for next 5m candle close
[2026-01-12 20:05:00] INFO  Market scan started
[2026-01-12 20:05:08] INFO  Market scan done in 8.2s
[2026-01-12 20:05:08] INFO  Waiting 291s for next 5m candle close
[2026-01-12 20:10:00] INFO  Market scan started
[2026-01-12 20:10:06] INFO  Market scan done in 6.8s
[2026-01-12 20:10:06] INFO  Waiting 293s for next 5m candle close
[2026-01-12 20:15:00] INFO  Market scan started
[2026-01-12 20:15:12] INFO  Market scan done in 12.1s
[2026-01-12 20:15:12] INFO  Waiting 287s for next 5m candle close
[2026-01-12 20:20:00] INFO  Market scan started
[2026-01-12 20:20:07] INFO  Market scan done in 7.0s
[2026-01-12 20:20:07] INFO  Waiting 292s for next 5m candle close
[2026-01-12 20:25:00] INFO  Market scan started
[2026-01-12 20:25:07] INFO  Market scan done in 7.8s
[2026-01-12 20:25:07] INFO  Waiting 292s for next 5m candle close
[2026-01-12 20:30:00] INFO  Market scan started
[2026-01-12 20:30:07] INFO  Market scan done in 7.0s
[2026-01-12 20:30:07] INFO  Waiting 292s for next 5m candle close
[2026-01-12 20:35:00] INFO  Market scan started
[2026-01-12 20:35:10] INFO  Market scan done in 10.8s
[2026-01-12 20:35:10] INFO  Waiting 289s for next 5m candle close
[2026-01-12 20:40:00] INFO  Market scan started
[2026-01-12 20:40:09] INFO  Market scan done in 9.7s
[2026-01-12 20:40:09] INFO  Waiting 290s for next 5m candle close
[2026-01-12 20:45:00] INFO  Market scan started
[2026-01-12 20:45:15] INFO  Market scan done in 15.5s
[2026-01-12 20:45:15] INFO  Waiting 284s for next 5m candle close
[2026-01-12 20:50:00] INFO  Market scan started
[2026-01-12 20:50:14] INFO  Market scan done in 14.8s
[2026-01-12 20:50:14] INFO  Waiting 285s for next 5m candle close
[2026-01-12 20:55:00] INFO  Market scan started
[2026-01-12 20:55:18] INFO  Market scan done in 18.4s
[2026-01-12 20:55:18] INFO  Waiting 281s for next 5m candle close
[2026-01-12 21:00:00] INFO  Market scan started
[2026-01-12 21:00:21] INFO  Market scan done in 21.9s
[2026-01-12 21:00:21] INFO  Waiting 278s for next 5m candle close
[2026-01-12 21:05:00] INFO  Market scan started
[2026-01-12 21:05:23] ERROR [PLTR][ANALYZER] ReadTimeout: HTTPSConnectionPool(host='finnhub.io', port=443): Read timed out. (read timeout=10)
[2026-01-12 21:05:25] INFO  Market scan done in 25.9s
[2026-01-12 21:05:25] INFO  Waiting 274s for next 5m candle close
[2026-01-12 21:10:00] INFO  Market scan started
[2026-01-12 21:10:18] INFO  Market scan done in 18.6s
[2026-01-12 21:10:18] INFO  Waiting 281s for next 5m candle close
[2026-01-12 21:15:00] INFO  Market scan started
[2026-01-12 21:15:06] INFO  Market scan done in 6.5s
[2026-01-12 21:15:06] INFO  Waiting 293s for next 5m candle close
[2026-01-12 21:16:26] INFO  Logged in as Ziomal od czuwania#0124
[2026-01-12 21:16:26] INFO  Waiting 213s for next 5m candle close
[2026-01-12 21:20:00] INFO  Market scan started
[2026-01-12 21:20:07] INFO  Market scan done in 7.4s
[2026-01-12 21:20:07] INFO  Waiting 292s for next 5m candle close
[2026-01-12 21:25:04] INFO  Logged in as Ziomal od czuwania#0124
[2026-01-12 21:25:04] INFO  Waiting 295s for next 5m candle close
[2026-01-12 21:30:00] INFO  Market scan started
[2026-01-12 21:30:07] INFO  Market scan done in 7.4s
[2026-01-12 21:30:07] INFO  Waiting 292s for next 5m candle close
[2026-01-12 21:31:48] INFO  Logged in as Ziomal od czuwania#0124
[2026-01-12 21:31:48] INFO  Waiting 191s for next 5m candle close
[2026-01-12 21:35:00] INFO  Market scan started
[2026-01-12 21:35:06] INFO  Market scan done in 6.3s
[2026-01-12 21:35:06] INFO  Waiting 293s for next 5m candle close
[2026-01-12 21:35:50] INFO  Logged in as Ziomal od czuwania#0124
[2026-01-12 21:35:50] INFO  Waiting 249s for next 5m candle close
[2026-01-12 21:37:37] INFO  Logged in as Ziomal od czuwania#0124
[2026-01-12 21:37:37] INFO  Waiting 142s for next 5m candle close
[2026-01-12 21:39:50] INFO  Logged in as Ziomal od czuwania#0124
[2026-01-12 21:39:51] INFO  Waiting 8s for next 5m candle close
[2026-01-12 21:40:00] INFO  Market scan started
[2026-01-12 21:40:06] INFO  Market scan done in 6.6s
[2026-01-12 21:40:06] INFO  Waiting 293s for next 5m candle close
[2026-01-12 21:41:23] INFO  Logged in as Ziomal od czuwania#0124
[2026-01-12 21:41:23] INFO  Waiting 216s for next 5m candle close
[2026-01-12 21:45:00] INFO  Market scan started
[2026-01-12 21:45:09] INFO  Market scan done in 9.2s
[2026-01-12 21:45:09] INFO  Waiting 290s for next 5m candle close
[2026-01-12 21:50:00] INFO  Market scan started
[2026-01-12 21:50:10] INFO  Market scan done in 10.3s
[2026-01-12 21:50:10] INFO  Waiting 289s for next 5m candle close
[2026-01-12 21:55:00] INFO  Market scan started
[2026-01-12 21:55:09] INFO  Market scan done in 9.9s
[2026-01-12 21:55:09] INFO  Waiting 290s for next 5m candle close
[2026-01-12 22:00:00] INFO  Market scan started
[2026-01-12 22:00:11] INFO  Market scan done in 11.6s
[2026-01-12 22:00:11] INFO  Waiting 288s for next 5m candle close
[2026-01-12 22:05:00] INFO  Market scan started
[2026-01-12 22:05:10] INFO  Market scan done in 10.3s
[2026-01-12 22:05:10] INFO  Waiting 289s for next 5m candle close
[2026-01-12 23:21:24] INFO  Logged in as Ziomal od czuwania#0124
[2026-01-12 23:21:24] INFO  Waiting 215s for next 5m candle close
[2026-01-12 23:25:00] INFO  Market scan started
[2026-01-12 23:25:06] INFO  Market scan done in 6.3s
[2026-01-12 23:25:06] INFO  Waiting 293s for next 5m candle close
[2026-01-12 23:30:00] INFO  Market scan started
[2026-01-12 23:30:06] INFO  Market scan done in 6.7s
[2026-01-12 23:30:06] INFO  Waiting 293s for next 5m candle close
[2026-01-12 23:35:00] INFO  Market scan started
[2026-01-12 23:35:06] INFO  Market scan done in 6.4s
[2026-01-12 23:35:06] INFO  Waiting 293s for next 5m candle close
[2026-01-12 23:40:00] INFO  Market scan started
[2026-01-12 23:40:06] INFO  Market scan done in 6.8s
[2026-01-12 23:40:06] INFO  Waiting 293s for next 5m candle close
[2026-01-12 23:45:00] INFO  Market scan started
[2026-01-12 23:45:06] INFO  Market scan done in 6.3s
[2026-01-12 23:45:06] INFO  Waiting 293s for next 5m candle close
[2026-01-12 23:50:00] INFO  Market scan started
[2026-01-12 23:50:08] INFO  Market scan done in 8.4s
[2026-01-12 23:50:08] INFO  Waiting 291s for next 5m candle close
[2026-01-12 23:55:00] INFO  Market scan started
[2026-01-12 23:55:06] INFO  Market scan done in 6.4s
[2026-01-12 23:55:06] INFO  Waiting 293s for next 5m candle close
[2026-01-13 00:00:00] INFO  Market scan started
[2026-01-13 00:00:06] INFO  Market scan done in 6.8s
[2026-01-13 00:00:06] INFO  Waiting 293s for next 5m candle close
[2026-01-13 00:05:00] INFO  Market scan started
[2026-01-13 00:05:07] INFO  Market scan done in 7.2s
[2026-01-13 00:05:07] INFO  Waiting 292s for next 5m candle close
[2026-01-13 00:10:00] INFO  Market scan started
[2026-01-13 00:10:06] INFO  Market scan done in 6.5s
[2026-01-13 00:10:06] INFO  Waiting 293s for next 5m candle close
[2026-01-13 00:15:00] INFO  Market scan started
[2026-01-13 00:15:08] INFO  Market scan done in 9.0s
[2026-01-13 00:15:08] INFO  Waiting 291s for next 5m candle close
[2026-01-13 00:20:00] INFO  Market scan started
[2026-01-13 00:20:10] INFO  Market scan done in 10.5s
[2026-01-13 00:20:10] INFO  Waiting 289s for next 5m candle close
[2026-01-13 00:25:00] INFO  Market scan started
[2026-01-13 00:25:10] INFO  Market scan done in 10.6s
[2026-01-13 00:25:10] INFO  Waiting 289s for next 5m candle close
[2026-01-13 00:30:00] INFO  Market scan started
[2026-01-13 00:30:08] INFO  Market scan done in 8.4s
[2026-01-13 00:30:08] INFO  Waiting 291s for next 5m candle close
[2026-01-13 00:35:00] INFO  Market scan started
[2026-01-13 00:35:07] INFO  Market scan done in 7.5s
[2026-01-13 00:35:07] INFO  Waiting 292s for next 5m candle close
[2026-01-13 00:40:00] INFO  Market scan started
[2026-01-13 00:40:07] INFO  Market scan done in 7.9s
[2026-01-13 00:40:07] INFO  Waiting 292s for next 5m candle close
[2026-01-13 00:45:00] INFO  Market scan started
[2026-01-13 00:45:07] INFO  Market scan done in 7.9s
[2026-01-13 00:45:07] INFO  Waiting 292s for next 5m candle close
[2026-01-13 00:50:00] INFO  Market scan started
[2026-01-13 00:50:07] INFO  Market scan done in 7.4s
[2026-01-13 00:50:07] INFO  Waiting 292s for next 5m candle close
[2026-01-13 00:55:00] INFO  Market scan started
[2026-01-13 00:55:07] INFO  Market scan done in 7.8s
[2026-01-13 00:55:07] INFO  Waiting 292s for next 5m candle close
[2026-01-13 01:00:00] INFO  Market scan started
[2026-01-13 01:00:09] INFO  Market scan done in 9.5s
[2026-01-13 01:00:09] INFO  Waiting 290s for next 5m candle close
[2026-01-13 01:05:00] INFO  Market scan started
[2026-01-13 01:05:08] INFO  Market scan done in 8.5s
[2026-01-13 01:05:08] INFO  Waiting 291s for next 5m candle close
[2026-01-13 01:10:00] INFO  Market scan started
[2026-01-13 01:10:08] INFO  Market scan done in 8.4s
[2026-01-13 01:10:08] INFO  Waiting 291s for next 5m candle close
[2026-01-13 01:15:01] INFO  Market scan started
[2026-01-13 01:15:09] INFO  Market scan done in 8.4s
[2026-01-13 01:15:09] INFO  Waiting 290s for next 5m candle close
[2026-01-13 01:20:00] INFO  Market scan started
[2026-01-13 01:20:07] INFO  Market scan done in 7.7s
[2026-01-13 01:20:07] INFO  Waiting 292s for next 5m candle close
[2026-01-13 01:25:00] INFO  Market scan started
[2026-01-13 01:25:07] INFO  Market scan done in 7.6s
[2026-01-13 01:25:07] INFO  Waiting 292s for next 5m candle close
[2026-01-13 01:30:00] INFO  Market scan started
[2026-01-13 01:30:08] INFO  Market scan done in 8.6s
[2026-01-13 01:30:08] INFO  Waiting 291s for next 5m candle close
[2026-01-13 01:35:00] INFO  Market scan started
[2026-01-13 01:35:08] INFO  Market scan done in 8.1s
[2026-01-13 01:35:08] INFO  Waiting 291s for next 5m candle close
[2026-01-13 01:40:00] INFO  Market scan started
[2026-01-13 01:40:08] INFO  Market scan done in 8.8s
[2026-01-13 01:40:08] INFO  Waiting 291s for next 5m candle close
[2026-01-13 01:45:00] INFO  Market scan started
[2026-01-13 01:45:07] INFO  Market scan done in 7.7s
[2026-01-13 01:45:07] INFO  Waiting 292s for next 5m candle close
[2026-01-13 01:50:00] INFO  Market scan started
[2026-01-13 01:50:07] INFO  Market scan done in 7.7s
[2026-01-13 01:50:07] INFO  Waiting 292s for next 5m candle close
[2026-01-13 01:55:00] INFO  Market scan started
[2026-01-13 01:55:07] INFO  Market scan done in 7.5s
[2026-01-13 01:55:07] INFO  Waiting 292s for next 5m candle close
[2026-01-13 02:00:00] INFO  Market scan started
[2026-01-13 02:00:08] INFO  Market scan done in 8.6s
[2026-01-13 02:00:08] INFO  Waiting 291s for next 5m candle close
[2026-01-13 02:05:00] INFO  Market scan started
[2026-01-13 02:05:08] INFO  Market scan done in 8.1s
[2026-01-13 02:05:08] INFO  Waiting 291s for next 5m candle close
[2026-01-13 02:10:00] INFO  Market scan started
[2026-01-13 02:10:08] INFO  Market scan done in 8.1s
[2026-01-13 02:10:08] INFO  Waiting 291s for next 5m candle close
[2026-01-13 02:15:00] INFO  Market scan started
[2026-01-13 02:15:08] INFO  Market scan done in 8.6s
[2026-01-13 02:15:08] INFO  Waiting 291s for next 5m candle close
[2026-01-13 02:20:00] INFO  Market scan started
[2026-01-13 02:20:08] INFO  Market scan done in 8.4s
[2026-01-13 02:20:08] INFO  Waiting 291s for next 5m candle close
[2026-01-13 02:25:00] INFO  Market scan started
[2026-01-13 02:25:07] INFO  Market scan done in 7.3s
[2026-01-13 02:25:07] INFO  Waiting 292s for next 5m candle close
[2026-01-13 02:30:00] INFO  Market scan started
[2026-01-13 02:30:09] INFO  Market scan done in 10.0s
[2026-01-13 02:30:09] INFO  Waiting 290s for next 5m candle close
[2026-01-13 02:35:00] INFO  Market scan started
[2026-01-13 02:35:08] INFO  Market scan done in 8.1s
[2026-01-13 02:35:08] INFO  Waiting 291s for next 5m candle close
[2026-01-13 02:40:00] INFO  Market scan started
[2026-01-13 02:40:08] INFO  Market scan done in 8.1s
[2026-01-13 02:40:08] INFO  Waiting 291s for next 5m candle close
[2026-01-13 02:45:00] INFO  Market scan started
[2026-01-13 02:45:07] INFO  Market scan done in 7.0s
[2026-01-13 02:45:07] INFO  Waiting 292s for next 5m candle close
[2026-01-13 02:50:00] INFO  Market scan started
[2026-01-13 02:50:10] INFO  Market scan done in 10.6s
[2026-01-13 02:50:10] INFO  Waiting 289s for next 5m candle close
[2026-01-13 02:55:00] INFO  Market scan started
[2026-01-13 02:55:07] INFO  Market scan done in 7.3s
[2026-01-13 02:55:07] INFO  Waiting 292s for next 5m candle close
[2026-01-13 03:00:00] INFO  Market scan started
[2026-01-13 03:00:08] INFO  Market scan done in 8.9s
[2026-01-13 03:00:08] INFO  Waiting 291s for next 5m candle close
[2026-01-13 03:05:00] INFO  Market scan started
[2026-01-13 03:05:10] INFO  Market scan done in 10.1s
[2026-01-13 03:05:10] INFO  Waiting 289s for next 5m candle close
[2026-01-13 03:10:00] INFO  Market scan started
[2026-01-13 03:10:08] INFO  Market scan done in 8.1s
[2026-01-13 03:10:08] INFO  Waiting 291s for next 5m candle close
[2026-01-13 03:15:00] INFO  Market scan started
[2026-01-13 03:15:07] INFO  Market scan done in 7.4s
[2026-01-13 03:15:07] INFO  Waiting 292s for next 5m candle close
[2026-01-13 03:20:00] INFO  Market scan started
[2026-01-13 03:20:08] INFO  Market scan done in 8.5s
[2026-01-13 03:20:08] INFO  Waiting 291s for next 5m candle close
[2026-01-13 03:25:00] INFO  Market scan started
[2026-01-13 03:25:07] INFO  Market scan done in 7.8s
[2026-01-13 03:25:07] INFO  Waiting 292s for next 5m candle close
[2026-01-13 03:30:00] INFO  Market scan started
[2026-01-13 03:30:08] INFO  Market scan done in 8.6s
[2026-01-13 03:30:08] INFO  Waiting 291s for next 5m candle close
[2026-01-13 03:35:00] INFO  Market scan started
[2026-01-13 03:35:07] INFO  Market scan done in 7.7s
[2026-01-13 03:35:07] INFO  Waiting 292s for next 5m candle close
[2026-01-13 03:40:00] INFO  Market scan started
[2026-01-13 03:40:08] INFO  Market scan done in 8.5s
[2026-01-13 03:40:08] INFO  Waiting 291s for next 5m candle close
[2026-01-13 03:45:00] INFO  Market scan started
[2026-01-13 03:45:07] INFO  Market scan done in 7.2s
[2026-01-13 03:45:07] INFO  Waiting 292s for next 5m candle close
[2026-01-13 03:50:00] INFO  Market scan started
[2026-01-13 03:50:08] INFO  Market scan done in 8.9s
[2026-01-13 03:50:08] INFO  Waiting 291s for next 5m candle close
[2026-01-13 03:55:00] INFO  Market scan started
[2026-01-13 03:55:07] INFO  Market scan done in 7.2s
[2026-01-13 03:55:07] INFO  Waiting 292s for next 5m candle close
[2026-01-13 04:00:00] INFO  Market scan started
[2026-01-13 04:00:08] INFO  Market scan done in 8.5s
[2026-01-13 04:00:08] INFO  Waiting 291s for next 5m candle close
[2026-01-13 04:05:00] INFO  Market scan started
[2026-01-13 04:05:07] INFO  Market scan done in 7.8s
[2026-01-13 04:05:07] INFO  Waiting 292s for next 5m candle close
[2026-01-13 04:10:00] INFO  Market scan started
[2026-01-13 04:10:09] INFO  Market scan done in 9.3s
[2026-01-13 04:10:09] INFO  Waiting 290s for next 5m candle close
[2026-01-13 04:15:00] INFO  Market scan started
[2026-01-13 04:15:07] INFO  Market scan done in 7.7s
[2026-01-13 04:15:07] INFO  Waiting 292s for next 5m candle close
[2026-01-13 04:20:00] INFO  Market scan started
[2026-01-13 04:20:07] INFO  Market scan done in 7.9s
[2026-01-13 04:20:07] INFO  Waiting 292s for next 5m candle close
[2026-01-13 04:25:00] INFO  Market scan started
[2026-01-13 04:25:08] INFO  Market scan done in 8.5s
[2026-01-13 04:25:08] INFO  Waiting 291s for next 5m candle close
[2026-01-13 04:30:00] INFO  Market scan started
[2026-01-13 04:30:08] INFO  Market scan done in 8.5s
[2026-01-13 04:30:08] INFO  Waiting 291s for next 5m candle close
[2026-01-13 04:35:00] INFO  Market scan started
[2026-01-13 04:35:07] INFO  Market scan done in 7.5s
[2026-01-13 04:35:07] INFO  Waiting 292s for next 5m candle close
[2026-01-13 04:40:00] INFO  Market scan started
[2026-01-13 04:40:07] INFO  Market scan done in 7.8s
[2026-01-13 04:40:07] INFO  Waiting 292s for next 5m candle close
[2026-01-13 04:45:00] INFO  Market scan started
[2026-01-13 04:45:08] INFO  Market scan done in 8.4s
[2026-01-13 04:45:08] INFO  Waiting 291s for next 5m candle close
[2026-01-13 04:50:00] INFO  Market scan started
[2026-01-13 04:50:08] INFO  Market scan done in 8.4s
[2026-01-13 04:50:08] INFO  Waiting 291s for next 5m candle close
[2026-01-13 04:55:00] INFO  Market scan started
[2026-01-13 04:55:07] INFO  Market scan done in 7.6s
[2026-01-13 04:55:07] INFO  Waiting 292s for next 5m candle close
[2026-01-13 05:00:00] INFO  Market scan started
[2026-01-13 05:00:09] INFO  Market scan done in 9.5s
[2026-01-13 05:00:09] INFO  Waiting 290s for next 5m candle close
[2026-01-13 05:05:00] INFO  Market scan started
[2026-01-13 05:05:07] INFO  Market scan done in 7.8s
[2026-01-13 05:05:07] INFO  Waiting 292s for next 5m candle close
[2026-01-13 05:10:00] INFO  Market scan started
[2026-01-13 05:10:08] INFO  Market scan done in 8.5s
[2026-01-13 05:10:08] INFO  Waiting 291s for next 5m candle close
[2026-01-13 05:15:00] INFO  Market scan started
[2026-01-13 05:15:07] INFO  Market scan done in 7.5s
[2026-01-13 05:15:07] INFO  Waiting 292s for next 5m candle close
[2026-01-13 05:20:00] INFO  Market scan started
[2026-01-13 05:20:07] INFO  Market scan done in 7.8s
[2026-01-13 05:20:07] INFO  Waiting 292s for next 5m candle close
[2026-01-13 05:25:00] INFO  Market scan started
[2026-01-13 05:25:07] INFO  Market scan done in 7.6s
[2026-01-13 05:25:07] INFO  Waiting 292s for next 5m candle close
[2026-01-13 05:30:00] INFO  Market scan started
[2026-01-13 05:30:07] INFO  Market scan done in 7.4s
[2026-01-13 05:30:07] INFO  Waiting 292s for next 5m candle close
[2026-01-13 05:35:00] INFO  Market scan started
[2026-01-13 05:35:07] INFO  Market scan done in 7.7s
[2026-01-13 05:35:07] INFO  Waiting 292s for next 5m candle close
[2026-01-13 05:40:00] INFO  Market scan started
[2026-01-13 05:40:07] INFO  Market scan done in 7.3s
[2026-01-13 05:40:07] INFO  Waiting 292s for next 5m candle close
[2026-01-13 05:45:00] INFO  Market scan started
[2026-01-13 05:45:07] INFO  Market scan done in 7.6s
[2026-01-13 05:45:07] INFO  Waiting 292s for next 5m candle close
[2026-01-13 05:50:00] INFO  Market scan started
[2026-01-13 05:50:07] INFO  Market scan done in 7.8s
[2026-01-13 05:50:07] INFO  Waiting 292s for next 5m candle close
[2026-01-13 05:55:00] INFO  Market scan started
[2026-01-13 05:55:07] INFO  Market scan done in 7.5s
[2026-01-13 05:55:07] INFO  Waiting 292s for next 5m candle close
[2026-01-13 06:00:00] INFO  Market scan started
[2026-01-13 06:00:08] INFO  Market scan done in 8.5s
[2026-01-13 06:00:08] INFO  Waiting 291s for next 5m candle close
[2026-01-13 06:05:00] INFO  Market scan started
[2026-01-13 06:05:07] INFO  Market scan done in 7.6s
[2026-01-13 06:05:07] INFO  Waiting 292s for next 5m candle close
[2026-01-13 06:10:00] INFO  Market scan started
[2026-01-13 06:10:07] INFO  Market scan done in 7.6s
[2026-01-13 06:10:07] INFO  Waiting 292s for next 5m candle close
[2026-01-13 06:15:00] INFO  Market scan started
[2026-01-13 06:15:07] INFO  Market scan done in 7.6s
[2026-01-13 06:15:07] INFO  Waiting 292s for next 5m candle close
[2026-01-13 06:20:00] INFO  Market scan started
[2026-01-13 06:20:07] INFO  Market scan done in 7.5s
[2026-01-13 06:20:07] INFO  Waiting 292s for next 5m candle close
[2026-01-13 06:25:00] INFO  Market scan started
[2026-01-13 06:25:07] INFO  Market scan done in 7.6s
[2026-01-13 06:25:07] INFO  Waiting 292s for next 5m candle close
[2026-01-13 06:30:00] INFO  Market scan started
[2026-01-13 06:30:08] INFO  Market scan done in 9.0s
[2026-01-13 06:30:08] INFO  Waiting 291s for next 5m candle close
[2026-01-13 06:35:00] INFO  Market scan started
[2026-01-13 06:35:07] INFO  Market scan done in 7.7s
[2026-01-13 06:35:07] INFO  Waiting 292s for next 5m candle close
[2026-01-13 06:40:00] INFO  Market scan started
[2026-01-13 06:40:07] INFO  Market scan done in 7.3s
[2026-01-13 06:40:07] INFO  Waiting 292s for next 5m candle close
[2026-01-13 06:45:00] INFO  Market scan started
[2026-01-13 06:45:07] INFO  Market scan done in 7.3s
[2026-01-13 06:45:07] INFO  Waiting 292s for next 5m candle close
[2026-01-13 06:50:00] INFO  Market scan started
[2026-01-13 06:50:08] INFO  Market scan done in 8.2s
[2026-01-13 06:50:08] INFO  Waiting 291s for next 5m candle close
[2026-01-13 06:55:00] INFO  Market scan started
[2026-01-13 06:55:07] INFO  Market scan done in 7.3s
[2026-01-13 06:55:07] INFO  Waiting 292s for next 5m candle close
[2026-01-13 07:00:00] INFO  Market scan started
[2026-01-13 07:00:08] INFO  Market scan done in 8.2s
[2026-01-13 07:00:08] INFO  Waiting 291s for next 5m candle close
[2026-01-13 07:05:00] INFO  Market scan started
[2026-01-13 07:05:08] INFO  Market scan done in 8.3s
[2026-01-13 07:05:08] INFO  Waiting 291s for next 5m candle close
[2026-01-13 07:10:00] INFO  Market scan started
[2026-01-13 07:10:08] INFO  Market scan done in 8.1s
[2026-01-13 07:10:08] INFO  Waiting 291s for next 5m candle close
[2026-01-13 07:15:00] INFO  Market scan started
[2026-01-13 07:15:08] INFO  Market scan done in 8.2s
[2026-01-13 07:15:08] INFO  Waiting 291s for next 5m candle close
[2026-01-13 07:20:00] INFO  Market scan started
[2026-01-13 07:20:08] INFO  Market scan done in 8.0s
[2026-01-13 07:20:08] INFO  Waiting 291s for next 5m candle close
[2026-01-13 07:25:00] INFO  Market scan started
[2026-01-13 07:25:07] INFO  Market scan done in 7.5s
[2026-01-13 07:25:07] INFO  Waiting 292s for next 5m candle close
[2026-01-13 07:30:00] INFO  Market scan started
[2026-01-13 07:30:08] INFO  Market scan done in 8.6s
[2026-01-13 07:30:08] INFO  Waiting 291s for next 5m candle close
[2026-01-13 07:35:00] INFO  Market scan started
[2026-01-13 07:35:07] INFO  Market scan done in 7.5s
[2026-01-13 07:35:07] INFO  Waiting 292s for next 5m candle close
[2026-01-13 07:40:00] INFO  Market scan started
[2026-01-13 07:40:07] INFO  Market scan done in 7.5s
[2026-01-13 07:40:07] INFO  Waiting 292s for next 5m candle close
[2026-01-13 07:45:00] INFO  Market scan started
[2026-01-13 07:45:07] INFO  Market scan done in 7.7s
[2026-01-13 07:45:07] INFO  Waiting 292s for next 5m candle close
[2026-01-13 07:50:00] INFO  Market scan started
[2026-01-13 07:50:08] INFO  Market scan done in 8.3s
[2026-01-13 07:50:08] INFO  Waiting 291s for next 5m candle close
[2026-01-13 07:55:00] INFO  Market scan started
[2026-01-13 07:55:07] INFO  Market scan done in 7.9s
[2026-01-13 07:55:07] INFO  Waiting 292s for next 5m candle close
[2026-01-13 08:00:00] INFO  Market scan started
[2026-01-13 08:00:09] INFO  Market scan done in 9.1s
[2026-01-13 08:00:09] INFO  Waiting 290s for next 5m candle close
[2026-01-13 08:05:00] INFO  Market scan started
[2026-01-13 08:05:08] INFO  Market scan done in 8.6s
[2026-01-13 08:05:08] INFO  Waiting 291s for next 5m candle close
[2026-01-13 08:10:00] INFO  Market scan started
[2026-01-13 08:10:08] INFO  Market scan done in 8.0s
[2026-01-13 08:10:08] INFO  Waiting 291s for next 5m candle close
[2026-01-13 08:15:00] INFO  Market scan started
[2026-01-13 08:15:08] INFO  Market scan done in 8.2s
[2026-01-13 08:15:08] INFO  Waiting 291s for next 5m candle close
[2026-01-13 08:20:00] INFO  Market scan started
[2026-01-13 08:20:07] INFO  Market scan done in 7.9s
[2026-01-13 08:20:07] INFO  Waiting 292s for next 5m candle close
[2026-01-13 08:25:00] INFO  Market scan started
[2026-01-13 08:25:08] INFO  Market scan done in 8.5s
[2026-01-13 08:25:08] INFO  Waiting 291s for next 5m candle close
[2026-01-13 08:30:00] INFO  Market scan started
[2026-01-13 08:30:08] INFO  Market scan done in 8.9s
[2026-01-13 08:30:08] INFO  Waiting 291s for next 5m candle close
[2026-01-13 08:35:00] INFO  Market scan started
[2026-01-13 08:35:10] INFO  Market scan done in 10.8s
[2026-01-13 08:35:10] INFO  Waiting 289s for next 5m candle close
[2026-01-13 08:40:00] INFO  Market scan started
[2026-01-13 08:40:13] ERROR [NVDA][ANALYZER] ReadTimeout: HTTPSConnectionPool(host='finnhub.io', port=443): Read timed out. (read timeout=10)
[2026-01-13 08:40:24] ERROR [AMZN][ANALYZER] ReadTimeout: HTTPSConnectionPool(host='finnhub.io', port=443): Read timed out. (read timeout=10)
[2026-01-13 08:40:34] ERROR [META][ANALYZER] ReadTimeout: HTTPSConnectionPool(host='finnhub.io', port=443): Read timed out. (read timeout=10)
[2026-01-13 08:40:45] ERROR [GOOGL][ANALYZER] ReadTimeout: HTTPSConnectionPool(host='finnhub.io', port=443): Read timed out. (read timeout=10)
[2026-01-13 08:40:55] ERROR [TSLA][ANALYZER] ReadTimeout: HTTPSConnectionPool(host='finnhub.io', port=443): Read timed out. (read timeout=10)
[2026-01-13 08:41:05] ERROR [AMD][ANALYZER] ReadTimeout: HTTPSConnectionPool(host='finnhub.io', port=443): Read timed out. (read timeout=10)
[2026-01-13 08:41:16] ERROR [NFLX][ANALYZER] ReadTimeout: HTTPSConnectionPool(host='finnhub.io', port=443): Read timed out. (read timeout=10)
[2026-01-13 08:41:26] ERROR [PLTR][ANALYZER] ReadTimeout: HTTPSConnectionPool(host='finnhub.io', port=443): Read timed out. (read timeout=10)
[2026-01-13 08:41:36] ERROR [MSTR][ANALYZER] ReadTimeout: HTTPSConnectionPool(host='finnhub.io', port=443): Read timed out. (read timeout=10)
[2026-01-13 08:41:47] ERROR [COIN][ANALYZER] ReadTimeout: HTTPSConnectionPool(host='finnhub.io', port=443): Read timed out. (read timeout=10)
[2026-01-13 08:41:47] INFO  Market scan done in 107.3s
[2026-01-13 08:41:47] INFO  Waiting 192s for next 5m candle close
[2026-01-13 08:45:00] INFO  Market scan started
[2026-01-13 08:45:07] INFO  Market scan done in 7.2s
[2026-01-13 08:45:07] INFO  Waiting 292s for next 5m candle close
[2026-01-13 08:50:00] INFO  Market scan started
[2026-01-13 08:50:07] INFO  Market scan done in 7.9s
[2026-01-13 08:50:07] INFO  Waiting 292s for next 5m candle close
[2026-01-13 08:55:00] INFO  Market scan started
[2026-01-13 08:55:08] INFO  Market scan done in 8.7s
[2026-01-13 08:55:08] INFO  Waiting 291s for next 5m candle close
[2026-01-13 09:00:00] INFO  Market scan started
[2026-01-13 09:00:08] INFO  Market scan done in 8.2s
[2026-01-13 09:00:08] INFO  Waiting 291s for next 5m candle close
[2026-01-13 09:05:00] INFO  Market scan started
[2026-01-13 09:05:07] INFO  Market scan done in 7.8s
[2026-01-13 09:05:07] INFO  Waiting 292s for next 5m candle close
[2026-01-13 09:10:00] INFO  Market scan started
[2026-01-13 09:10:09] INFO  Market scan done in 9.7s
[2026-01-13 09:10:09] INFO  Waiting 290s for next 5m candle close
[2026-01-13 09:15:00] INFO  Market scan started
[2026-01-13 09:15:07] INFO  Market scan done in 7.5s
[2026-01-13 09:15:07] INFO  Waiting 292s for next 5m candle close
[2026-01-13 09:20:00] INFO  Market scan started
[2026-01-13 09:20:10] INFO  Market scan done in 10.3s
[2026-01-13 09:20:10] INFO  Waiting 289s for next 5m candle close
[2026-01-13 09:25:00] INFO  Market scan started
[2026-01-13 09:25:07] INFO  Market scan done in 7.8s
[2026-01-13 09:25:07] INFO  Waiting 292s for next 5m candle close
[2026-01-13 09:30:00] INFO  Market scan started
[2026-01-13 09:30:08] INFO  Market scan done in 8.5s
[2026-01-13 09:30:08] INFO  Waiting 291s for next 5m candle close
[2026-01-13 09:35:00] INFO  Market scan started
[2026-01-13 09:35:07] INFO  Market scan done in 7.8s
[2026-01-13 09:35:07] INFO  Waiting 292s for next 5m candle close
[2026-01-13 09:40:00] INFO  Market scan started
[2026-01-13 09:40:07] INFO  Market scan done in 7.4s
[2026-01-13 09:40:07] INFO  Waiting 292s for next 5m candle close
[2026-01-13 09:45:00] INFO  Market scan started
[2026-01-13 09:45:07] INFO  Market scan done in 7.8s
[2026-01-13 09:45:07] INFO  Waiting 292s for next 5m candle close
[2026-01-13 09:50:00] INFO  Market scan started
[2026-01-13 09:50:07] INFO  Market scan done in 7.2s
[2026-01-13 09:50:07] INFO  Waiting 292s for next 5m candle close
[2026-01-13 09:55:00] INFO  Market scan started
[2026-01-13 09:55:07] INFO  Market scan done in 7.9s
[2026-01-13 09:55:07] INFO  Waiting 292s for next 5m candle close
[2026-01-13 10:00:00] INFO  Market scan started
[2026-01-13 10:00:07] INFO  Market scan done in 7.9s
[2026-01-13 10:00:07] INFO  Waiting 292s for next 5m candle close
[2026-01-13 10:05:00] INFO  Market scan started
[2026-01-13 10:05:07] INFO  Market scan done in 7.5s
[2026-01-13 10:05:07] INFO  Waiting 292s for next 5m candle close
[2026-01-13 10:10:00] INFO  Market scan started
[2026-01-13 10:10:07] INFO  Market scan done in 7.3s
[2026-01-13 10:10:07] INFO  Waiting 292s for next 5m candle close
[2026-01-13 10:15:00] INFO  Market scan started
[2026-01-13 10:15:07] INFO  Market scan done in 7.6s
[2026-01-13 10:15:07] INFO  Waiting 292s for next 5m candle close
[2026-01-13 10:20:01] INFO  Market scan started
[2026-01-13 10:20:08] INFO  Market scan done in 7.3s
[2026-01-13 10:20:08] INFO  Waiting 291s for next 5m candle close
[2026-01-13 10:25:00] INFO  Market scan started
[2026-01-13 10:25:07] INFO  Market scan done in 7.5s
[2026-01-13 10:25:07] INFO  Waiting 292s for next 5m candle close
[2026-01-13 10:30:00] INFO  Market scan started
[2026-01-13 10:30:07] INFO  Market scan done in 7.5s
[2026-01-13 10:30:07] INFO  Waiting 292s for next 5m candle close
[2026-01-13 10:35:00] INFO  Market scan started
[2026-01-13 10:35:08] INFO  Market scan done in 8.4s
[2026-01-13 10:35:08] INFO  Waiting 291s for next 5m candle close
[2026-01-13 10:40:00] INFO  Market scan started
[2026-01-13 10:40:07] INFO  Market scan done in 7.3s
[2026-01-13 10:40:07] INFO  Waiting 292s for next 5m candle close
[2026-01-13 10:45:00] INFO  Market scan started
[2026-01-13 10:45:07] INFO  Market scan done in 7.7s
[2026-01-13 10:45:07] INFO  Waiting 292s for next 5m candle close
[2026-01-13 10:50:00] INFO  Market scan started
[2026-01-13 10:50:07] INFO  Market scan done in 7.3s
[2026-01-13 10:50:07] INFO  Waiting 292s for next 5m candle close
[2026-01-13 10:55:00] INFO  Market scan started
[2026-01-13 10:55:06] INFO  Market scan done in 7.0s
[2026-01-13 10:55:06] INFO  Waiting 293s for next 5m candle close
[2026-01-13 11:00:00] INFO  Market scan started
[2026-01-13 11:00:08] INFO  Market scan done in 8.2s
[2026-01-13 11:00:08] INFO  Waiting 291s for next 5m candle close
[2026-01-13 11:05:00] INFO  Market scan started
[2026-01-13 11:05:07] INFO  Market scan done in 7.6s
[2026-01-13 11:05:07] INFO  Waiting 292s for next 5m candle close
[2026-01-13 11:10:00] INFO  Market scan started
[2026-01-13 11:10:07] INFO  Market scan done in 7.4s
[2026-01-13 11:10:07] INFO  Waiting 292s for next 5m candle close
[2026-01-13 11:15:00] INFO  Market scan started
[2026-01-13 11:15:07] INFO  Market scan done in 7.8s
[2026-01-13 11:15:07] INFO  Waiting 292s for next 5m candle close
[2026-01-13 11:20:00] INFO  Market scan started
[2026-01-13 11:20:07] INFO  Market scan done in 7.6s
[2026-01-13 11:20:07] INFO  Waiting 292s for next 5m candle close
[2026-01-13 11:25:00] INFO  Market scan started
[2026-01-13 11:25:07] INFO  Market scan done in 7.6s
[2026-01-13 11:25:07] INFO  Waiting 292s for next 5m candle close
[2026-01-13 11:30:00] INFO  Market scan started
[2026-01-13 11:30:07] INFO  Market scan done in 7.5s
[2026-01-13 11:30:07] INFO  Waiting 292s for next 5m candle close
[2026-01-13 11:35:00] INFO  Market scan started
[2026-01-13 11:35:07] INFO  Market scan done in 7.5s
[2026-01-13 11:35:07] INFO  Waiting 292s for next 5m candle close
[2026-01-13 11:40:00] INFO  Market scan started
[2026-01-13 11:40:07] INFO  Market scan done in 7.2s
[2026-01-13 11:40:07] INFO  Waiting 292s for next 5m candle close
[2026-01-13 11:45:00] INFO  Market scan started
[2026-01-13 11:45:08] INFO  Market scan done in 8.0s
[2026-01-13 11:45:08] INFO  Waiting 291s for next 5m candle close
[2026-01-13 11:50:00] INFO  Market scan started
[2026-01-13 11:50:10] INFO  Market scan done in 10.0s
[2026-01-13 11:50:10] INFO  Waiting 289s for next 5m candle close
[2026-01-13 12:55:48] INFO  Logged in as Ziomal od czuwania#0124
[2026-01-13 12:55:48] INFO  Waiting 251s for next 5m candle close
[2026-01-13 13:00:00] INFO  Market scan started
[2026-01-13 13:00:02] INFO  Market scan done in 2.3s
[2026-01-13 13:00:02] INFO  Waiting 297s for next 5m candle close
[2026-01-13 13:05:00] INFO  Market scan started
[2026-01-13 13:05:01] INFO  Market scan done in 2.0s
[2026-01-13 13:05:01] INFO  Waiting 298s for next 5m candle close
[2026-01-13 13:10:00] INFO  Market scan started
[2026-01-13 13:10:01] INFO  Market scan done in 1.9s
[2026-01-13 13:10:01] INFO  Waiting 298s for next 5m candle close
[2026-01-13 14:04:48] INFO  Logged in as Ziomal od czuwania#0124
[2026-01-13 14:04:48] INFO  Waiting 11s for next 5m candle close
[2026-01-13 14:05:00] INFO  Market scan started
[2026-01-13 14:05:01] INFO  Market scan done in 1.2s
[2026-01-13 14:05:01] INFO  Waiting 298s for next 5m candle close
[2026-01-13 14:10:00] INFO  Market scan started
[2026-01-13 14:10:01] INFO  Market scan done in 1.7s
[2026-01-13 14:10:01] INFO  Waiting 298s for next 5m candle close
[2026-01-13 14:15:00] INFO  Market scan started
[2026-01-13 14:15:01] INFO  Market scan done in 1.1s
[2026-01-13 14:15:01] INFO  Waiting 298s for next 5m candle close
[2026-01-13 14:20:00] INFO  Market scan started
[2026-01-13 14:20:01] INFO  Market scan done in 1.5s
[2026-01-13 14:20:01] INFO  Waiting 298s for next 5m candle close
[2026-01-13 14:25:00] INFO  Market scan started
[2026-01-13 14:25:01] INFO  Market scan done in 1.6s
[2026-01-13 14:25:01] INFO  Waiting 298s for next 5m candle close
[2026-01-13 14:30:00] INFO  Market scan started
[2026-01-13 14:30:02] INFO  Market scan done in 2.6s
[2026-01-13 14:30:02] INFO  Waiting 297s for next 5m candle close
[2026-01-13 14:35:00] INFO  Market scan started
[2026-01-13 14:35:01] INFO  Market scan done in 1.3s
[2026-01-13 14:35:01] INFO  Waiting 298s for next 5m candle close
[2026-01-13 15:02:50] INFO  Logged in as Ziomal od czuwania#0124
[2026-01-13 15:02:50] INFO  Waiting 129s for next 5m candle close
[2026-01-13 15:05:00] INFO  Market scan started
[2026-01-13 15:05:01] ERROR [AAPL][ANALYZER] AttributeError: module 'config' has no attribute 'FINNHUB_KEY'
[2026-01-13 15:05:01] ERROR [MSFT][ANALYZER] AttributeError: module 'config' has no attribute 'FINNHUB_KEY'
[2026-01-13 15:05:01] ERROR [NVDA][ANALYZER] AttributeError: module 'config' has no attribute 'FINNHUB_KEY'
[2026-01-13 15:05:01] ERROR [AMZN][ANALYZER] AttributeError: module 'config' has no attribute 'FINNHUB_KEY'
[2026-01-13 15:05:01] ERROR [META][ANALYZER] AttributeError: module 'config' has no attribute 'FINNHUB_KEY'
[2026-01-13 15:05:01] ERROR [GOOGL][ANALYZER] AttributeError: module 'config' has no attribute 'FINNHUB_KEY'
[2026-01-13 15:05:01] ERROR [TSLA][ANALYZER] AttributeError: module 'config' has no attribute 'FINNHUB_KEY'
[2026-01-13 15:05:01] ERROR [AMD][ANALYZER] AttributeError: module 'config' has no attribute 'FINNHUB_KEY'
[2026-01-13 15:05:01] ERROR [NFLX][ANALYZER] AttributeError: module 'config' has no attribute 'FINNHUB_KEY'
[2026-01-13 15:05:01] ERROR [PLTR][ANALYZER] AttributeError: module 'config' has no attribute 'FINNHUB_KEY'
[2026-01-13 15:05:01] ERROR [MSTR][ANALYZER] AttributeError: module 'config' has no attribute 'FINNHUB_KEY'
[2026-01-13 15:05:01] ERROR [COIN][ANALYZER] AttributeError: module 'config' has no attribute 'FINNHUB_KEY'
[2026-01-13 15:05:01] ERROR [SAP][ANALYZER] AttributeError: module 'config' has no attribute 'FINNHUB_KEY'
[2026-01-13 15:05:01] ERROR [OKLO][ANALYZER] AttributeError: module 'config' has no attribute 'FINNHUB_KEY'
[2026-01-13 15:05:01] ERROR [ASML][ANALYZER] AttributeError: module 'config' has no attribute 'FINNHUB_KEY'
[2026-01-13 15:05:01] ERROR [AXP][ANALYZER] AttributeError: module 'config' has no attribute 'FINNHUB_KEY'
[2026-01-13 15:05:01] ERROR [TSM][ANALYZER] AttributeError: module 'config' has no attribute 'FINNHUB_KEY'
[2026-01-13 15:05:01] ERROR [BE][ANALYZER] AttributeError: module 'config' has no attribute 'FINNHUB_KEY'
[2026-01-13 15:05:01] ERROR [PLD][ANALYZER] AttributeError: module 'config' has no attribute 'FINNHUB_KEY'
[2026-01-13 15:05:01] ERROR [URA][ANALYZER] AttributeError: module 'config' has no attribute 'FINNHUB_KEY'
[2026-01-13 15:05:01] INFO  Market scan done in 1.4s
[2026-01-13 15:05:01] INFO  Waiting 298s for next 5m candle close
[2026-01-13 15:10:00] INFO  Market scan started
[2026-01-13 15:10:01] ERROR [AAPL][ANALYZER] AttributeError: module 'config' has no attribute 'FINNHUB_KEY'
[2026-01-13 15:10:01] ERROR [MSFT][ANALYZER] AttributeError: module 'config' has no attribute 'FINNHUB_KEY'
[2026-01-13 15:10:01] ERROR [NVDA][ANALYZER] AttributeError: module 'config' has no attribute 'FINNHUB_KEY'
[2026-01-13 15:10:01] ERROR [AMZN][ANALYZER] AttributeError: module 'config' has no attribute 'FINNHUB_KEY'
[2026-01-13 15:10:01] ERROR [META][ANALYZER] AttributeError: module 'config' has no attribute 'FINNHUB_KEY'
[2026-01-13 15:10:01] ERROR [GOOGL][ANALYZER] AttributeError: module 'config' has no attribute 'FINNHUB_KEY'
[2026-01-13 15:10:01] ERROR [TSLA][ANALYZER] AttributeError: module 'config' has no attribute 'FINNHUB_KEY'
[2026-01-13 15:10:01] ERROR [AMD][ANALYZER] AttributeError: module 'config' has no attribute 'FINNHUB_KEY'
[2026-01-13 15:10:01] ERROR [NFLX][ANALYZER] AttributeError: module 'config' has no attribute 'FINNHUB_KEY'
[2026-01-13 15:10:01] ERROR [PLTR][ANALYZER] AttributeError: module 'config' has no attribute 'FINNHUB_KEY'
[2026-01-13 15:10:01] ERROR [MSTR][ANALYZER] AttributeError: module 'config' has no attribute 'FINNHUB_KEY'
[2026-01-13 15:10:01] ERROR [COIN][ANALYZER] AttributeError: module 'config' has no attribute 'FINNHUB_KEY'
[2026-01-13 15:10:01] ERROR [SAP][ANALYZER] AttributeError: module 'config' has no attribute 'FINNHUB_KEY'
[2026-01-13 15:10:01] ERROR [OKLO][ANALYZER] AttributeError: module 'config' has no attribute 'FINNHUB_KEY'
[2026-01-13 15:10:01] ERROR [ASML][ANALYZER] AttributeError: module 'config' has no attribute 'FINNHUB_KEY'
[2026-01-13 15:10:01] ERROR [AXP][ANALYZER] AttributeError: module 'config' has no attribute 'FINNHUB_KEY'
[2026-01-13 15:10:01] ERROR [TSM][ANALYZER] AttributeError: module 'config' has no attribute 'FINNHUB_KEY'
[2026-01-13 15:10:01] ERROR [BE][ANALYZER] AttributeError: module 'config' has no attribute 'FINNHUB_KEY'
[2026-01-13 15:10:01] ERROR [PLD][ANALYZER] AttributeError: module 'config' has no attribute 'FINNHUB_KEY'
[2026-01-13 15:10:01] ERROR [URA][ANALYZER] AttributeError: module 'config' has no attribute 'FINNHUB_KEY'
[2026-01-13 15:10:01] INFO  Market scan done in 1.4s
[2026-01-13 15:10:01] INFO  Waiting 298s for next 5m candle close
[2026-01-13 15:15:00] INFO  Market scan started
[2026-01-13 15:15:01] ERROR [AAPL][ANALYZER] AttributeError: module 'config' has no attribute 'FINNHUB_KEY'
[2026-01-13 15:15:01] ERROR [MSFT][ANALYZER] AttributeError: module 'config' has no attribute 'FINNHUB_KEY'
[2026-01-13 15:15:01] ERROR [NVDA][ANALYZER] AttributeError: module 'config' has no attribute 'FINNHUB_KEY'
[2026-01-13 15:15:01] ERROR [AMZN][ANALYZER] AttributeError: module 'config' has no attribute 'FINNHUB_KEY'
[2026-01-13 15:15:01] ERROR [META][ANALYZER] AttributeError: module 'config' has no attribute 'FINNHUB_KEY'
[2026-01-13 15:15:01] ERROR [GOOGL][ANALYZER] AttributeError: module 'config' has no attribute 'FINNHUB_KEY'
[2026-01-13 15:15:01] ERROR [TSLA][ANALYZER] AttributeError: module 'config' has no attribute 'FINNHUB_KEY'
[2026-01-13 15:15:01] ERROR [AMD][ANALYZER] AttributeError: module 'config' has no attribute 'FINNHUB_KEY'
[2026-01-13 15:15:01] ERROR [NFLX][ANALYZER] AttributeError: module 'config' has no attribute 'FINNHUB_KEY'
[2026-01-13 15:15:01] ERROR [PLTR][ANALYZER] AttributeError: module 'config' has no attribute 'FINNHUB_KEY'
[2026-01-13 15:15:01] ERROR [MSTR][ANALYZER] AttributeError: module 'config' has no attribute 'FINNHUB_KEY'
[2026-01-13 15:15:01] ERROR [COIN][ANALYZER] AttributeError: module 'config' has no attribute 'FINNHUB_KEY'
[2026-01-13 15:15:01] ERROR [SAP][ANALYZER] AttributeError: module 'config' has no attribute 'FINNHUB_KEY'
[2026-01-13 15:15:01] ERROR [OKLO][ANALYZER] AttributeError: module 'config' has no attribute 'FINNHUB_KEY'
[2026-01-13 15:15:01] ERROR [ASML][ANALYZER] AttributeError: module 'config' has no attribute 'FINNHUB_KEY'
[2026-01-13 15:15:01] ERROR [AXP][ANALYZER] AttributeError: module 'config' has no attribute 'FINNHUB_KEY'
[2026-01-13 15:15:01] ERROR [TSM][ANALYZER] AttributeError: module 'config' has no attribute 'FINNHUB_KEY'
[2026-01-13 15:15:01] ERROR [BE][ANALYZER] AttributeError: module 'config' has no attribute 'FINNHUB_KEY'
[2026-01-13 15:15:01] ERROR [PLD][ANALYZER] AttributeError: module 'config' has no attribute 'FINNHUB_KEY'
[2026-01-13 15:15:01] ERROR [URA][ANALYZER] AttributeError: module 'config' has no attribute 'FINNHUB_KEY'
[2026-01-13 15:15:01] INFO  Market scan done in 1.5s
[2026-01-13 15:15:01] INFO  Waiting 298s for next 5m candle close
[2026-01-13 15:20:00] INFO  Market scan started
[2026-01-13 15:20:01] ERROR [AAPL][ANALYZER] AttributeError: module 'config' has no attribute 'FINNHUB_KEY'
[2026-01-13 15:20:01] ERROR [MSFT][ANALYZER] AttributeError: module 'config' has no attribute 'FINNHUB_KEY'
[2026-01-13 15:20:01] ERROR [NVDA][ANALYZER] AttributeError: module 'config' has no attribute 'FINNHUB_KEY'
[2026-01-13 15:20:01] ERROR [AMZN][ANALYZER] AttributeError: module 'config' has no attribute 'FINNHUB_KEY'
[2026-01-13 15:20:01] ERROR [META][ANALYZER] AttributeError: module 'config' has no attribute 'FINNHUB_KEY'
[2026-01-13 15:20:01] ERROR [GOOGL][ANALYZER] AttributeError: module 'config' has no attribute 'FINNHUB_KEY'
[2026-01-13 15:20:01] ERROR [TSLA][ANALYZER] AttributeError: module 'config' has no attribute 'FINNHUB_KEY'
[2026-01-13 15:20:01] ERROR [AMD][ANALYZER] AttributeError: module 'config' has no attribute 'FINNHUB_KEY'
[2026-01-13 15:20:01] ERROR [NFLX][ANALYZER] AttributeError: module 'config' has no attribute 'FINNHUB_KEY'
[2026-01-13 15:20:01] ERROR [PLTR][ANALYZER] AttributeError: module 'config' has no attribute 'FINNHUB_KEY'
[2026-01-13 15:20:01] ERROR [MSTR][ANALYZER] AttributeError: module 'config' has no attribute 'FINNHUB_KEY'
[2026-01-13 15:20:01] ERROR [COIN][ANALYZER] AttributeError: module 'config' has no attribute 'FINNHUB_KEY'
[2026-01-13 15:20:01] ERROR [SAP][ANALYZER] AttributeError: module 'config' has no attribute 'FINNHUB_KEY'
[2026-01-13 15:20:01] ERROR [OKLO][ANALYZER] AttributeError: module 'config' has no attribute 'FINNHUB_KEY'
[2026-01-13 15:20:01] ERROR [ASML][ANALYZER] AttributeError: module 'config' has no attribute 'FINNHUB_KEY'
[2026-01-13 15:20:01] ERROR [AXP][ANALYZER] AttributeError: module 'config' has no attribute 'FINNHUB_KEY'
[2026-01-13 15:20:01] ERROR [TSM][ANALYZER] AttributeError: module 'config' has no attribute 'FINNHUB_KEY'
[2026-01-13 15:20:01] ERROR [BE][ANALYZER] AttributeError: module 'config' has no attribute 'FINNHUB_KEY'
[2026-01-13 15:20:01] ERROR [PLD][ANALYZER] AttributeError: module 'config' has no attribute 'FINNHUB_KEY'
[2026-01-13 15:20:01] ERROR [URA][ANALYZER] AttributeError: module 'config' has no attribute 'FINNHUB_KEY'
[2026-01-13 15:20:01] INFO  Market scan done in 1.4s
[2026-01-13 15:20:01] INFO  Waiting 298s for next 5m candle close
[2026-01-13 15:25:00] INFO  Market scan started
[2026-01-13 15:25:01] ERROR [AAPL][ANALYZER] AttributeError: module 'config' has no attribute 'FINNHUB_KEY'
[2026-01-13 15:25:01] ERROR [MSFT][ANALYZER] AttributeError: module 'config' has no attribute 'FINNHUB_KEY'
[2026-01-13 15:25:01] ERROR [NVDA][ANALYZER] AttributeError: module 'config' has no attribute 'FINNHUB_KEY'
[2026-01-13 15:25:01] ERROR [AMZN][ANALYZER] AttributeError: module 'config' has no attribute 'FINNHUB_KEY'
[2026-01-13 15:25:01] ERROR [META][ANALYZER] AttributeError: module 'config' has no attribute 'FINNHUB_KEY'
[2026-01-13 15:25:01] ERROR [GOOGL][ANALYZER] AttributeError: module 'config' has no attribute 'FINNHUB_KEY'
[2026-01-13 15:25:01] ERROR [TSLA][ANALYZER] AttributeError: module 'config' has no attribute 'FINNHUB_KEY'
[2026-01-13 15:25:01] ERROR [AMD][ANALYZER] AttributeError: module 'config' has no attribute 'FINNHUB_KEY'
[2026-01-13 15:25:01] ERROR [NFLX][ANALYZER] AttributeError: module 'config' has no attribute 'FINNHUB_KEY'
[2026-01-13 15:25:01] ERROR [PLTR][ANALYZER] AttributeError: module 'config' has no attribute 'FINNHUB_KEY'
[2026-01-13 15:25:01] ERROR [MSTR][ANALYZER] AttributeError: module 'config' has no attribute 'FINNHUB_KEY'
[2026-01-13 15:25:01] ERROR [COIN][ANALYZER] AttributeError: module 'config' has no attribute 'FINNHUB_KEY'
[2026-01-13 15:25:01] ERROR [SAP][ANALYZER] AttributeError: module 'config' has no attribute 'FINNHUB_KEY'
[2026-01-13 15:25:01] ERROR [OKLO][ANALYZER] AttributeError: module 'config' has no attribute 'FINNHUB_KEY'
[2026-01-13 15:25:01] ERROR [ASML][ANALYZER] AttributeError: module 'config' has no attribute 'FINNHUB_KEY'
[2026-01-13 15:25:01] ERROR [AXP][ANALYZER] AttributeError: module 'config' has no attribute 'FINNHUB_KEY'
[2026-01-13 15:25:01] ERROR [TSM][ANALYZER] AttributeError: module 'config' has no attribute 'FINNHUB_KEY'
[2026-01-13 15:25:01] ERROR [BE][ANALYZER] AttributeError: module 'config' has no attribute 'FINNHUB_KEY'
[2026-01-13 15:25:01] ERROR [PLD][ANALYZER] AttributeError: module 'config' has no attribute 'FINNHUB_KEY'
[2026-01-13 15:25:01] ERROR [URA][ANALYZER] AttributeError: module 'config' has no attribute 'FINNHUB_KEY'
[2026-01-13 15:25:01] INFO  Market scan done in 1.3s
[2026-01-13 15:25:01] INFO  Waiting 298s for next 5m candle close
[2026-01-13 15:35:09] INFO  Logged in as Ziomal od czuwania#0124
[2026-01-13 15:35:09] INFO  Waiting 290s for next 5m candle close
[2026-01-13 15:40:00] INFO  Market scan started
[2026-01-13 15:40:13] INFO  Market scan done in 13.2s
[2026-01-13 15:40:13] INFO  Waiting 286s for next 5m candle close
[2026-01-13 15:45:00] INFO  Market scan started
[2026-01-13 15:45:12] INFO  Market scan done in 12.3s
[2026-01-13 15:45:12] INFO  Waiting 287s for next 5m candle close
[2026-01-13 15:50:00] INFO  Market scan started
[2026-01-13 15:50:12] INFO  Market scan done in 13.0s
[2026-01-13 15:50:12] INFO  Waiting 287s for next 5m candle close
[2026-01-13 15:55:30] INFO  Logged in as Ziomal od czuwania#0124
[2026-01-13 15:55:30] INFO  Waiting 269s for next 5m candle close
[2026-01-13 16:46:35] INFO  Logged in as Ziomal od czuwania#0124
[2026-01-13 16:46:35] INFO  Waiting 204s for next 5m candle close
[2026-01-13 16:50:00] INFO  Market scan started
[2026-01-13 16:50:16] INFO  Market scan done in 16.6s
[2026-01-13 16:50:16] INFO  Waiting 283s for next 5m candle close
[2026-01-13 17:39:31] INFO  Logged in as Ziomal od czuwania#0124
[2026-01-13 17:39:31] INFO  Waiting 28s for next 5m candle close
[2026-01-13 17:40:00] INFO  Market scan started
[2026-01-13 17:40:17] INFO  Market scan done in 17.3s
[2026-01-13 17:40:17] INFO  Waiting 282s for next 5m candle close
[2026-01-13 17:45:00] INFO  Market scan started
[2026-01-13 17:45:33] INFO  Market scan done in 33.2s
[2026-01-13 17:45:33] INFO  Waiting 266s for next 5m candle close
[2026-01-13 17:50:00] INFO  Market scan started
[2026-01-13 17:50:20] INFO  Market scan done in 20.6s
[2026-01-13 17:50:20] INFO  Waiting 279s for next 5m candle close
[2026-01-13 17:55:00] INFO  Market scan started
[2026-01-13 17:55:27] INFO  Market scan done in 27.3s
[2026-01-13 17:55:27] INFO  Waiting 272s for next 5m candle close
[2026-01-13 18:00:00] INFO  Market scan started
[2026-01-13 18:00:12] INFO  Market scan done in 12.4s
[2026-01-13 18:00:12] INFO  Waiting 287s for next 5m candle close
[2026-01-13 18:05:00] INFO  Market scan started
[2026-01-13 18:05:12] INFO  Market scan done in 13.0s
[2026-01-13 18:05:12] INFO  Waiting 287s for next 5m candle close
[2026-01-13 18:10:00] INFO  Market scan started
[2026-01-13 18:10:13] INFO  Market scan done in 13.3s
[2026-01-13 18:10:13] INFO  Waiting 286s for next 5m candle close
[2026-01-13 18:15:00] INFO  Market scan started
[2026-01-13 18:15:12] INFO  Market scan done in 12.3s
[2026-01-13 18:15:12] INFO  Waiting 287s for next 5m candle close
[2026-01-13 18:20:00] INFO  Market scan started
[2026-01-13 18:20:13] INFO  Market scan done in 13.7s
[2026-01-13 18:20:13] INFO  Waiting 286s for next 5m candle close
[2026-01-13 18:25:00] INFO  Market scan started
[2026-01-13 18:25:15] INFO  Market scan done in 15.8s
[2026-01-13 18:25:15] INFO  Waiting 284s for next 5m candle close
